Using pre-set license
Built from '2020.3/staging' branch; Version is '2020.3.11f1 (99c7afb366b3) revision 10078127'; Using compiler version '192528614'; Build Type 'Release'
OS: 'Windows 10 Home; OS build 22000.318; Version 2009; 64bit' Language: 'en' Physical Memory: 16032 MB
BatchMode: 1, IsHumanControllingUs: 0, StartBugReporterOnCrash: 0, Is64bit: 1, IsPro: 0

 COMMAND LINE ARGUMENTS:
C:\Program Files\Unity\Hub\Editor\2020.3.11f1\Editor\Unity.exe
-adb2
-batchMode
-noUpm
-name
AssetImportWorker0
-projectPath
C:/Users/ramir/Desktop/Afeka/שנה ד/סמסטר ג/פיתוח משחקים/FPS Game
-logFile
Logs/AssetImportWorker0.log
-srvPort
53400
Successfully changed project path to: C:/Users/ramir/Desktop/Afeka/שנה ד/סמסטר ג/פיתוח משחקים/FPS Game
C:/Users/ramir/Desktop/Afeka/שנה ד/סמסטר ג/פיתוח משחקים/FPS Game
Using Asset Import Pipeline V2.
Setting a NavMeshArea cost less than one can give unexpected results.

Refreshing native plugins compatible for Editor in 167.80 ms, found 2 plugins.
Preloading 0 native plugins for Editor in 0.00 ms.
Initialize engine version: 2020.3.11f1 (99c7afb366b3)
[Subsystems] Discovering subsystems at path C:/Program Files/Unity/Hub/Editor/2020.3.11f1/Editor/Data/Resources/UnitySubsystems
[Subsystems] Discovering subsystems at path C:/Users/ramir/Desktop/Afeka/שנה ד/סמסטר ג/פיתוח משחקים/FPS Game/Assets
GfxDevice: creating device client; threaded=0
Direct3D:
    Version:  Direct3D 11.0 [level 11.1]
    Renderer: Radeon 500 Series (ID=0x699f)
    Vendor:   
    VRAM:     4076 MB
    Driver:   27.20.1034.6
Initialize mono
Mono path[0] = 'C:/Program Files/Unity/Hub/Editor/2020.3.11f1/Editor/Data/Managed'
Mono path[1] = 'C:/Program Files/Unity/Hub/Editor/2020.3.11f1/Editor/Data/MonoBleedingEdge/lib/mono/unityjit'
Mono config path = 'C:/Program Files/Unity/Hub/Editor/2020.3.11f1/Editor/Data/MonoBleedingEdge/etc'
Using monoOptions --debugger-agent=transport=dt_socket,embedding=1,server=y,suspend=n,address=127.0.0.1:56488
Begin MonoManager ReloadAssembly
Registering precompiled unity dll's ...
Register platform support module: C:/Program Files/Unity/Hub/Editor/2020.3.11f1/Editor/Data/PlaybackEngines/WebGLSupport/UnityEditor.WebGL.Extensions.dll
Register platform support module: C:/Program Files/Unity/Hub/Editor/2020.3.11f1/Editor/Data/PlaybackEngines/WindowsStandaloneSupport/UnityEditor.WindowsStandalone.Extensions.dll
Registered in 0.006006 seconds.
Native extension for WindowsStandalone target not found
Native extension for WebGL target not found
Refreshing native plugins compatible for Editor in 144.81 ms, found 2 plugins.
Preloading 0 native plugins for Editor in 0.00 ms.
Mono: successfully reloaded assembly
- Completed reload, in  2.829 seconds
Platform modules already initialized, skipping
Registering precompiled user dll's ...
Registered in 0.038435 seconds.
Begin MonoManager ReloadAssembly
Native extension for WindowsStandalone target not found
Native extension for WebGL target not found
Refreshing native plugins compatible for Editor in 1.14 ms, found 2 plugins.
Preloading 0 native plugins for Editor in 0.00 ms.
Mono: successfully reloaded assembly
- Completed reload, in  2.336 seconds
Platform modules already initialized, skipping
========================================================================
Worker process is ready to serve import requests
Setting a NavMeshArea cost less than one can give unexpected results.

Launched and connected shader compiler UnityShaderCompiler.exe after 0.12 seconds
Refreshing native plugins compatible for Editor in 2.08 ms, found 2 plugins.
Preloading 0 native plugins for Editor in 0.00 ms.
Unloading 1729 Unused Serialized files (Serialized files now loaded: 0)
System memory in use before: 184.9 MB.
System memory in use after: 184.6 MB.

Unloading 33 unused Assets to reduce memory usage. Loaded Objects now: 2208.
Total: 4.724300 ms (FindLiveObjects: 0.323000 ms CreateObjectMapping: 0.116300 ms MarkObjects: 3.289600 ms  DeleteObjects: 0.993000 ms)

========================================================================
Received Import Request.
  path: Assets/NPC/Zombie Romero/Romero Zombie.controller
  artifactKey: Guid(a6ac7acd7f1182b42beb83d7339a3fe8) Importer(815301076,1909f56bfc062723c751e8b465ee728b)
Start importing Assets/NPC/Zombie Romero/Romero Zombie.controller using Guid(a6ac7acd7f1182b42beb83d7339a3fe8) Importer(815301076,1909f56bfc062723c751e8b465ee728b)  -> (artifact id: '1347ca23b4acf21a261200cbfe15f831') in 0.180308 seconds
  Import took 0.187254 seconds .

========================================================================
Received Prepare
Setting a NavMeshArea cost less than one can give unexpected results.

Refreshing native plugins compatible for Editor in 16.90 ms, found 2 plugins.
Preloading 0 native plugins for Editor in 0.00 ms.
Unloading 23 Unused Serialized files (Serialized files now loaded: 0)
System memory in use before: 149.5 MB.
System memory in use after: 149.3 MB.

Unloading 22 unused Assets to reduce memory usage. Loaded Objects now: 2208.
Total: 4.784000 ms (FindLiveObjects: 0.273800 ms CreateObjectMapping: 0.107700 ms MarkObjects: 3.551500 ms  DeleteObjects: 0.846500 ms)

AssetImportWorkerClient::OnTransportError - code=2 error=End of file
